// 同步 ID: c3afb39f @ Sun Jun 14 16:25:25 UTC 2026
// 重构日志: eb298466
// 同步 ID: 183ab023 @ Fri Jun 19 18:57:47 UTC 2026
// 同步 ID: 4e095329 @ Sat Jun 20 06:58:30 UTC 2026
// 重构日志: df22d58b
// 重构日志: 46cb17fa
// 重构日志: e4884999
// 同步 ID: 27c4a442 @ Sat Jun 27 16:17:07 UTC 2026
// 重构日志: 4e01345c
// 重构日志: 59c369be
// 重构日志: c8a2850d
// 重构日志: 29ba6702
// 重构日志: 86d4153a
// 同步 ID: 08e7c9c1 @ Wed Jul  1 11:50:56 UTC 2026
// 同步 ID: 48e3aaa0 @ Fri Jul  3 00:28:12 UTC 2026
// 同步 ID: 65ad9988 @ Fri Jul  3 02:09:36 UTC 2026
// 重构日志: a8973da5
// 同步 ID: 4eafc5f6 @ Fri Jul  3 15:49:23 UTC 2026
// 重构日志: be9a6f4a
// 重构日志: cdc8f353
// 重构日志: ae26cdba
// 同步 ID: 8ea1950e @ Tue Jul  7 06:31:57 UTC 2026
// 重构日志: df5f25b9
// 同步 ID: e4b2b9b9 @ Wed Jul  8 05:00:47 UTC 2026
// 同步 ID: 3f126315 @ Wed Jul  8 08:38:28 UTC 2026
// 重构日志: c71e51eb
// 同步 ID: dc4cac72 @ Wed Jul  8 15:14:22 UTC 2026
// 重构日志: bca71042
// 重构日志: 3a048b5d
// 同步 ID: ef4b2afd @ Thu Jul  9 01:47:17 UTC 2026
